{"level":"info","message":"Server running in development mode on port 5000","service":"quiz-api","timestamp":"2025-08-19T06:13:39.576Z"}
{"level":"info","message":"Connected to Redis","service":"quiz-api","timestamp":"2025-08-19T06:13:39.635Z"}
{"level":"info","message":"Redis client ready","service":"quiz-api","timestamp":"2025-08-19T06:13:39.664Z"}
{"level":"error","message":"Database connection error: bad auth : authentication failed","service":"quiz-api","timestamp":"2025-08-19T06:13:43.033Z"}
{"level":"info","message":"Server running in development mode on port 5000","service":"quiz-api","timestamp":"2025-08-19T06:15:16.998Z"}
{"level":"info","message":"Connected to Redis","service":"quiz-api","timestamp":"2025-08-19T06:15:17.013Z"}
{"level":"info","message":"Redis client ready","service":"quiz-api","timestamp":"2025-08-19T06:15:17.017Z"}
{"level":"info","message":"MongoDB Connected: cluster0-shard-00-00.zf66u.mongodb.net","service":"quiz-api","timestamp":"2025-08-19T06:15:19.105Z"}
{"level":"info","message":"Server running in development mode on port 5000","service":"quiz-api","timestamp":"2025-08-19T08:22:13.801Z"}
{"level":"info","message":"Connected to Redis","service":"quiz-api","timestamp":"2025-08-19T08:22:13.824Z"}
{"level":"info","message":"Redis client ready","service":"quiz-api","timestamp":"2025-08-19T08:22:13.831Z"}
{"level":"error","message":"Database connection error: Could not connect to any servers in your MongoDB Atlas cluster. One common reason is that you're trying to access the database from an IP that isn't whitelisted. Make sure your current IP address is on your Atlas cluster's IP whitelist: https://www.mongodb.com/docs/atlas/security-whitelist/","service":"quiz-api","timestamp":"2025-08-19T08:22:24.794Z"}
{"level":"info","message":"Server running in development mode on port 5000","service":"quiz-api","timestamp":"2025-08-19T08:25:53.257Z"}
{"level":"info","message":"Connected to Redis","service":"quiz-api","timestamp":"2025-08-19T08:25:53.286Z"}
{"level":"info","message":"Redis client ready","service":"quiz-api","timestamp":"2025-08-19T08:25:53.306Z"}
{"level":"error","message":"Database connection error: Could not connect to any servers in your MongoDB Atlas cluster. One common reason is that you're trying to access the database from an IP that isn't whitelisted. Make sure your current IP address is on your Atlas cluster's IP whitelist: https://www.mongodb.com/docs/atlas/security-whitelist/","service":"quiz-api","timestamp":"2025-08-19T08:26:03.520Z"}
{"level":"info","message":"Server running in development mode on port 5000","service":"quiz-api","timestamp":"2025-08-19T08:28:55.294Z"}
{"level":"info","message":"Connected to Redis","service":"quiz-api","timestamp":"2025-08-19T08:28:55.321Z"}
{"level":"info","message":"Redis client ready","service":"quiz-api","timestamp":"2025-08-19T08:28:55.330Z"}
{"level":"error","message":"Database connection error: Could not connect to any servers in your MongoDB Atlas cluster. One common reason is that you're trying to access the database from an IP that isn't whitelisted. Make sure your current IP address is on your Atlas cluster's IP whitelist: https://www.mongodb.com/docs/atlas/security-whitelist/","service":"quiz-api","timestamp":"2025-08-19T08:29:02.488Z"}
{"level":"info","message":"Server running in development mode on port 5000","service":"quiz-api","timestamp":"2025-08-19T08:31:05.296Z"}
{"level":"info","message":"Connected to Redis","service":"quiz-api","timestamp":"2025-08-19T08:31:05.315Z"}
{"level":"info","message":"Redis client ready","service":"quiz-api","timestamp":"2025-08-19T08:31:05.336Z"}
{"level":"error","message":"Database connection error: Server selection timed out after 5000 ms","service":"quiz-api","timestamp":"2025-08-19T08:31:11.281Z"}
{"level":"info","message":"Server running in development mode on port 5000","service":"quiz-api","timestamp":"2025-08-19T08:32:08.614Z"}
{"level":"info","message":"Connected to Redis","service":"quiz-api","timestamp":"2025-08-19T08:32:08.631Z"}
{"level":"info","message":"Redis client ready","service":"quiz-api","timestamp":"2025-08-19T08:32:08.637Z"}
{"level":"error","message":"Database connection error: Could not connect to any servers in your MongoDB Atlas cluster. One common reason is that you're trying to access the database from an IP that isn't whitelisted. Make sure your current IP address is on your Atlas cluster's IP whitelist: https://www.mongodb.com/docs/atlas/security-whitelist/","service":"quiz-api","timestamp":"2025-08-19T08:32:15.646Z"}
{"level":"info","message":"Server running in development mode on port 5000","service":"quiz-api","timestamp":"2025-08-19T08:33:57.514Z"}
{"level":"info","message":"Connected to Redis","service":"quiz-api","timestamp":"2025-08-19T08:33:57.573Z"}
{"level":"info","message":"Redis client ready","service":"quiz-api","timestamp":"2025-08-19T08:33:57.584Z"}
{"level":"error","message":"Database connection error: Server selection timed out after 5000 ms","service":"quiz-api","timestamp":"2025-08-19T08:34:12.927Z"}
{"level":"info","message":"Server running in development mode on port 5000","service":"quiz-api","timestamp":"2025-08-19T08:36:42.729Z"}
{"level":"info","message":"Connected to Redis","service":"quiz-api","timestamp":"2025-08-19T08:36:42.749Z"}
{"level":"info","message":"Redis client ready","service":"quiz-api","timestamp":"2025-08-19T08:36:42.760Z"}
{"level":"info","message":"MongoDB Connected: cluster0-shard-00-00.zf66u.mongodb.net","service":"quiz-api","timestamp":"2025-08-19T08:36:54.576Z"}
{"ip":"::1","level":"error","message":"Error: Not Found - /api/auth/register","method":"GET","service":"quiz-api","stack":"Error: Not Found - /api/auth/register\n    at notFound (/home/varun0905/Projects/Quiz-App/backend/middleware/errorMiddleware.js:5:17)\n    at Layer.handle [as handle_request] (/home/varun0905/Projects/Quiz-App/backend/node_modules/express/lib/router/layer.js:95:5)\n    at trim_prefix (/home/varun0905/Projects/Quiz-App/backend/node_modules/express/lib/router/index.js:328:13)\n    at /home/varun0905/Projects/Quiz-App/backend/node_modules/express/lib/router/index.js:286:9\n    at Function.process_params (/home/varun0905/Projects/Quiz-App/backend/node_modules/express/lib/router/index.js:346:12)\n    at next (/home/varun0905/Projects/Quiz-App/backend/node_modules/express/lib/router/index.js:280:10)\n    at /home/varun0905/Projects/Quiz-App/backend/node_modules/express/lib/router/index.js:646:15\n    at next (/home/varun0905/Projects/Quiz-App/backend/node_modules/express/lib/router/index.js:265:14)\n    at Function.handle (/home/varun0905/Projects/Quiz-App/backend/node_modules/express/lib/router/index.js:175:3)\n    at router (/home/varun0905/Projects/Quiz-App/backend/node_modules/express/lib/router/index.js:47:12)","timestamp":"2025-08-19T08:40:16.830Z","url":"/api/auth/register","userAgent":"PostmanRuntime/7.44.1"}
{"level":"info","message":"::1 - - [19/Aug/2025:08:40:16 +0000] \"GET /api/auth/register HTTP/1.1\" 500 - \"-\" \"PostmanRuntime/7.44.1\"","service":"quiz-api","timestamp":"2025-08-19T08:40:16.858Z"}
{"level":"error","message":"Register error: E11000 duplicate key error collection: test.users index: googleId_1 dup key: { googleId: null }","service":"quiz-api","timestamp":"2025-08-19T08:41:40.599Z"}
{"level":"info","message":"::1 - - [19/Aug/2025:08:41:40 +0000] \"POST /api/auth/register HTTP/1.1\" 500 62 \"-\" \"PostmanRuntime/7.44.1\"","service":"quiz-api","timestamp":"2025-08-19T08:41:40.603Z"}
{"level":"error","message":"Register error: E11000 duplicate key error collection: test.users index: googleId_1 dup key: { googleId: null }","service":"quiz-api","timestamp":"2025-08-19T08:48:13.373Z"}
{"level":"info","message":"::1 - - [19/Aug/2025:08:48:13 +0000] \"POST /api/auth/register HTTP/1.1\" 500 62 \"-\" \"PostmanRuntime/7.44.1\"","service":"quiz-api","timestamp":"2025-08-19T08:48:13.378Z"}
{"level":"info","message":"Server running in development mode on port 5000","service":"quiz-api","timestamp":"2025-08-19T08:48:21.826Z"}
{"level":"info","message":"Connected to Redis","service":"quiz-api","timestamp":"2025-08-19T08:48:21.842Z"}
{"level":"info","message":"Redis client ready","service":"quiz-api","timestamp":"2025-08-19T08:48:21.847Z"}
{"level":"info","message":"MongoDB Connected: cluster0-shard-00-01.zf66u.mongodb.net","service":"quiz-api","timestamp":"2025-08-19T08:48:29.750Z"}
{"level":"error","message":"Register error: E11000 duplicate key error collection: test.users index: googleId_1 dup key: { googleId: null }","service":"quiz-api","timestamp":"2025-08-19T08:48:37.771Z"}
{"level":"info","message":"::1 - - [19/Aug/2025:08:48:37 +0000] \"POST /api/auth/register HTTP/1.1\" 500 62 \"-\" \"PostmanRuntime/7.44.1\"","service":"quiz-api","timestamp":"2025-08-19T08:48:37.793Z"}
{"level":"info","message":"Server running in development mode on port 5000","service":"quiz-api","timestamp":"2025-08-19T08:51:52.276Z"}
{"level":"info","message":"Connected to Redis","service":"quiz-api","timestamp":"2025-08-19T08:51:52.293Z"}
{"level":"info","message":"Redis client ready","service":"quiz-api","timestamp":"2025-08-19T08:51:52.306Z"}
{"level":"info","message":"MongoDB Connected: cluster0-shard-00-00.zf66u.mongodb.net","service":"quiz-api","timestamp":"2025-08-19T08:51:59.469Z"}
{"level":"error","message":"Register error: E11000 duplicate key error collection: test.users index: googleId_1 dup key: { googleId: null }","service":"quiz-api","timestamp":"2025-08-19T08:52:19.963Z"}
{"level":"info","message":"::1 - - [19/Aug/2025:08:52:19 +0000] \"POST /api/auth/register HTTP/1.1\" 500 62 \"-\" \"PostmanRuntime/7.44.1\"","service":"quiz-api","timestamp":"2025-08-19T08:52:19.977Z"}
{"level":"info","message":"Server running in development mode on port 5000","service":"quiz-api","timestamp":"2025-08-19T08:53:12.273Z"}
{"level":"info","message":"Connected to Redis","service":"quiz-api","timestamp":"2025-08-19T08:53:12.293Z"}
{"level":"info","message":"Redis client ready","service":"quiz-api","timestamp":"2025-08-19T08:53:12.302Z"}
{"level":"info","message":"MongoDB Connected: cluster0-shard-00-00.zf66u.mongodb.net","service":"quiz-api","timestamp":"2025-08-19T08:53:20.555Z"}
{"level":"error","message":"Register error: E11000 duplicate key error collection: test.users index: googleId_1 dup key: { googleId: null }","service":"quiz-api","timestamp":"2025-08-19T08:53:24.613Z"}
{"level":"info","message":"::1 - - [19/Aug/2025:08:53:24 +0000] \"POST /api/auth/register HTTP/1.1\" 500 62 \"-\" \"PostmanRuntime/7.44.1\"","service":"quiz-api","timestamp":"2025-08-19T08:53:24.621Z"}
{"level":"info","message":"Server running in development mode on port 5000","service":"quiz-api","timestamp":"2025-08-19T08:57:28.242Z"}
{"level":"info","message":"Connected to Redis","service":"quiz-api","timestamp":"2025-08-19T08:57:28.264Z"}
{"level":"info","message":"Redis client ready","service":"quiz-api","timestamp":"2025-08-19T08:57:28.275Z"}
{"level":"info","message":"MongoDB Connected: cluster0-shard-00-00.zf66u.mongodb.net","service":"quiz-api","timestamp":"2025-08-19T08:57:31.400Z"}
{"level":"error","message":"Register error: E11000 duplicate key error collection: test.users index: googleId_1 dup key: { googleId: null }","service":"quiz-api","timestamp":"2025-08-19T08:57:38.045Z"}
{"level":"info","message":"::1 - - [19/Aug/2025:08:57:38 +0000] \"POST /api/auth/register HTTP/1.1\" 500 62 \"-\" \"PostmanRuntime/7.44.1\"","service":"quiz-api","timestamp":"2025-08-19T08:57:38.059Z"}
{"level":"info","message":"Server running in development mode on port 5000","service":"quiz-api","timestamp":"2025-08-19T08:59:33.529Z"}
{"level":"info","message":"Connected to Redis","service":"quiz-api","timestamp":"2025-08-19T08:59:33.553Z"}
{"level":"info","message":"Redis client ready","service":"quiz-api","timestamp":"2025-08-19T08:59:33.565Z"}
{"level":"info","message":"MongoDB Connected: cluster0-shard-00-00.zf66u.mongodb.net","service":"quiz-api","timestamp":"2025-08-19T08:59:41.767Z"}
{"level":"warn","message":"MongoDB disconnected","service":"quiz-api","timestamp":"2025-08-19T09:10:15.095Z"}
{"level":"info","message":"MongoDB reconnected","service":"quiz-api","timestamp":"2025-08-19T09:19:17.641Z"}
{"level":"info","message":"Server running in development mode on port 5000","service":"quiz-api","timestamp":"2025-08-19T09:29:42.040Z"}
{"level":"info","message":"Connected to Redis","service":"quiz-api","timestamp":"2025-08-19T09:29:42.057Z"}
{"level":"info","message":"Redis client ready","service":"quiz-api","timestamp":"2025-08-19T09:29:42.069Z"}
{"level":"error","message":"Database connection error: Server selection timed out after 10000 ms","service":"quiz-api","timestamp":"2025-08-19T09:29:58.008Z"}
{"level":"info","message":"Server running in development mode on port 5000","service":"quiz-api","timestamp":"2025-08-19T09:31:04.667Z"}
{"level":"info","message":"Connected to Redis","service":"quiz-api","timestamp":"2025-08-19T09:31:04.683Z"}
{"level":"info","message":"Redis client ready","service":"quiz-api","timestamp":"2025-08-19T09:31:04.688Z"}
{"level":"info","message":"MongoDB Connected: cluster0-shard-00-00.zf66u.mongodb.net","service":"quiz-api","timestamp":"2025-08-19T09:31:17.600Z"}
{"level":"error","message":"Register error: E11000 duplicate key error collection: test.users index: googleId_1 dup key: { googleId: null }","service":"quiz-api","timestamp":"2025-08-19T09:31:46.414Z"}
{"level":"info","message":"::1 - - [19/Aug/2025:09:31:46 +0000] \"POST /api/auth/register HTTP/1.1\" 500 62 \"-\" \"PostmanRuntime/7.44.1\"","service":"quiz-api","timestamp":"2025-08-19T09:31:46.436Z"}
{"level":"info","message":"Server running in development mode on port 5000","service":"quiz-api","timestamp":"2025-08-19T09:32:28.380Z"}
{"level":"info","message":"Connected to Redis","service":"quiz-api","timestamp":"2025-08-19T09:32:28.398Z"}
{"level":"info","message":"Redis client ready","service":"quiz-api","timestamp":"2025-08-19T09:32:28.404Z"}
{"level":"info","message":"MongoDB Connected: cluster0-shard-00-01.zf66u.mongodb.net","service":"quiz-api","timestamp":"2025-08-19T09:32:40.113Z"}
{"level":"info","message":"New user registered: alokpathak0905@gmail.com","service":"quiz-api","timestamp":"2025-08-19T09:33:09.982Z"}
{"level":"info","message":"::1 - - [19/Aug/2025:09:33:09 +0000] \"POST /api/auth/register HTTP/1.1\" 201 495 \"-\" \"PostmanRuntime/7.44.1\"","service":"quiz-api","timestamp":"2025-08-19T09:33:09.999Z"}
{"level":"info","message":"::1 - - [19/Aug/2025:09:34:29 +0000] \"POST /api/auth/register HTTP/1.1\" 400 65 \"-\" \"PostmanRuntime/7.44.1\"","service":"quiz-api","timestamp":"2025-08-19T09:34:29.205Z"}
{"level":"info","message":"User logged in: alokpathak0905@gmail.com","service":"quiz-api","timestamp":"2025-08-19T09:37:12.101Z"}
{"level":"info","message":"::1 - - [19/Aug/2025:09:37:12 +0000] \"POST /api/auth/login HTTP/1.1\" 200 578 \"-\" \"PostmanRuntime/7.44.1\"","service":"quiz-api","timestamp":"2025-08-19T09:37:12.110Z"}
{"level":"error","message":"Logout error: jwt is not defined","service":"quiz-api","timestamp":"2025-08-19T09:40:51.116Z"}
{"level":"info","message":"::1 - - [19/Aug/2025:09:40:51 +0000] \"POST /api/auth/logout HTTP/1.1\" 500 49 \"-\" \"PostmanRuntime/7.44.1\"","service":"quiz-api","timestamp":"2025-08-19T09:40:51.121Z"}
{"level":"info","message":"Server running in development mode on port 5000","service":"quiz-api","timestamp":"2025-08-19T09:41:33.501Z"}
{"level":"info","message":"Connected to Redis","service":"quiz-api","timestamp":"2025-08-19T09:41:33.520Z"}
{"level":"info","message":"Redis client ready","service":"quiz-api","timestamp":"2025-08-19T09:41:33.534Z"}
{"level":"info","message":"MongoDB Connected: cluster0-shard-00-02.zf66u.mongodb.net","service":"quiz-api","timestamp":"2025-08-19T09:42:03.252Z"}
{"level":"info","message":"User logged out: alokpathak0905@gmail.com","service":"quiz-api","timestamp":"2025-08-19T09:42:03.465Z"}
{"level":"info","message":"::1 - - [19/Aug/2025:09:42:03 +0000] \"POST /api/auth/logout HTTP/1.1\" 200 52 \"-\" \"PostmanRuntime/7.44.1\"","service":"quiz-api","timestamp":"2025-08-19T09:42:03.482Z"}
{"ip":"::1","level":"error","message":"Error: Not Found - /api/users/profile","method":"POST","service":"quiz-api","stack":"Error: Not Found - /api/users/profile\n    at notFound (/home/varun0905/Projects/Quiz-App/backend/middleware/errorMiddleware.js:5:17)\n    at Layer.handle [as handle_request] (/home/varun0905/Projects/Quiz-App/backend/node_modules/express/lib/router/layer.js:95:5)\n    at trim_prefix (/home/varun0905/Projects/Quiz-App/backend/node_modules/express/lib/router/index.js:328:13)\n    at /home/varun0905/Projects/Quiz-App/backend/node_modules/express/lib/router/index.js:286:9\n    at Function.process_params (/home/varun0905/Projects/Quiz-App/backend/node_modules/express/lib/router/index.js:346:12)\n    at next (/home/varun0905/Projects/Quiz-App/backend/node_modules/express/lib/router/index.js:280:10)\n    at /home/varun0905/Projects/Quiz-App/backend/node_modules/express/lib/router/index.js:646:15\n    at next (/home/varun0905/Projects/Quiz-App/backend/node_modules/express/lib/router/index.js:265:14)\n    at Function.handle (/home/varun0905/Projects/Quiz-App/backend/node_modules/express/lib/router/index.js:175:3)\n    at router (/home/varun0905/Projects/Quiz-App/backend/node_modules/express/lib/router/index.js:47:12)","timestamp":"2025-08-19T09:50:33.609Z","url":"/api/users/profile","userAgent":"PostmanRuntime/7.44.1"}
{"level":"info","message":"::1 - - [19/Aug/2025:09:50:33 +0000] \"POST /api/users/profile HTTP/1.1\" 500 - \"-\" \"PostmanRuntime/7.44.1\"","service":"quiz-api","timestamp":"2025-08-19T09:50:33.621Z"}
{"level":"info","message":"::1 - - [19/Aug/2025:09:50:44 +0000] \"PUT /api/users/profile HTTP/1.1\" 401 46 \"-\" \"PostmanRuntime/7.44.1\"","service":"quiz-api","timestamp":"2025-08-19T09:50:44.767Z"}
{"level":"info","message":"User logged in: alokpathak0905@gmail.com","service":"quiz-api","timestamp":"2025-08-19T09:50:55.142Z"}
{"level":"info","message":"::1 - - [19/Aug/2025:09:50:55 +0000] \"POST /api/auth/login HTTP/1.1\" 200 578 \"-\" \"PostmanRuntime/7.44.1\"","service":"quiz-api","timestamp":"2025-08-19T09:50:55.152Z"}
{"level":"info","message":"::1 - - [19/Aug/2025:09:51:07 +0000] \"PUT /api/users/profile HTTP/1.1\" 401 46 \"-\" \"PostmanRuntime/7.44.1\"","service":"quiz-api","timestamp":"2025-08-19T09:51:07.504Z"}
{"level":"info","message":"Profile updated: alokpathak0905@gmail.com","service":"quiz-api","timestamp":"2025-08-19T09:51:48.617Z"}
{"level":"info","message":"::1 - - [19/Aug/2025:09:51:48 +0000] \"PUT /api/users/profile HTTP/1.1\" 200 357 \"-\" \"PostmanRuntime/7.44.1\"","service":"quiz-api","timestamp":"2025-08-19T09:51:48.622Z"}
{"ip":"::1","level":"error","message":"Error: Not Found - /api/users/leaderboard","method":"PUT","service":"quiz-api","stack":"Error: Not Found - /api/users/leaderboard\n    at notFound (/home/varun0905/Projects/Quiz-App/backend/middleware/errorMiddleware.js:5:17)\n    at Layer.handle [as handle_request] (/home/varun0905/Projects/Quiz-App/backend/node_modules/express/lib/router/layer.js:95:5)\n    at trim_prefix (/home/varun0905/Projects/Quiz-App/backend/node_modules/express/lib/router/index.js:328:13)\n    at /home/varun0905/Projects/Quiz-App/backend/node_modules/express/lib/router/index.js:286:9\n    at Function.process_params (/home/varun0905/Projects/Quiz-App/backend/node_modules/express/lib/router/index.js:346:12)\n    at next (/home/varun0905/Projects/Quiz-App/backend/node_modules/express/lib/router/index.js:280:10)\n    at /home/varun0905/Projects/Quiz-App/backend/node_modules/express/lib/router/index.js:646:15\n    at next (/home/varun0905/Projects/Quiz-App/backend/node_modules/express/lib/router/index.js:265:14)\n    at Function.handle (/home/varun0905/Projects/Quiz-App/backend/node_modules/express/lib/router/index.js:175:3)\n    at router (/home/varun0905/Projects/Quiz-App/backend/node_modules/express/lib/router/index.js:47:12)","timestamp":"2025-08-19T09:52:49.765Z","url":"/api/users/leaderboard","userAgent":"PostmanRuntime/7.44.1"}
{"level":"info","message":"::1 - - [19/Aug/2025:09:52:49 +0000] \"PUT /api/users/leaderboard HTTP/1.1\" 500 - \"-\" \"PostmanRuntime/7.44.1\"","service":"quiz-api","timestamp":"2025-08-19T09:52:49.769Z"}
{"level":"info","message":"::1 - - [19/Aug/2025:09:54:14 +0000] \"GET /api/users/leaderboard HTTP/1.1\" 200 62 \"-\" \"PostmanRuntime/7.44.1\"","service":"quiz-api","timestamp":"2025-08-19T09:54:14.795Z"}
{"level":"info","message":"::1 - - [19/Aug/2025:09:55:21 +0000] \"GET /api/users/achievements HTTP/1.1\" 401 65 \"-\" \"PostmanRuntime/7.44.1\"","service":"quiz-api","timestamp":"2025-08-19T09:55:21.187Z"}
{"level":"info","message":"::1 - - [19/Aug/2025:09:55:45 +0000] \"GET /api/users/achievements HTTP/1.1\" 200 65 \"-\" \"PostmanRuntime/7.44.1\"","service":"quiz-api","timestamp":"2025-08-19T09:55:45.115Z"}
{"level":"info","message":"::1 - - [19/Aug/2025:10:03:57 +0000] \"GET /api/quizzes/ HTTP/1.1\" 200 62 \"-\" \"PostmanRuntime/7.44.1\"","service":"quiz-api","timestamp":"2025-08-19T10:03:57.704Z"}
{"level":"error","message":"Get quiz error: Cast to ObjectId failed for value \"eyJhbGciOiJIUzI1NiIsInR5cCI6IkpXVCJ9.eyJpZCI6IjY4YTQ0NGQ1OGVjZTUwZjM5NzQyNTAwYyIsInJvbGUiOiJ1c2VyIiwiaWF0IjoxNzU1NTk2MjMyLCJleHAiOjE3NTYyMDEwMzJ9.OzQTYBMYhhMjFTJEOidGUKfvDmDhNorlyl6h12shVVg\" (type string) at path \"_id\" for model \"Quiz\"","service":"quiz-api","timestamp":"2025-08-19T10:07:06.701Z"}
{"level":"info","message":"::1 - - [19/Aug/2025:10:07:06 +0000] \"GET /api/quizzes/eyJhbGciOiJIUzI1NiIsInR5cCI6IkpXVCJ9.eyJpZCI6IjY4YTQ0NGQ1OGVjZTUwZjM5NzQyNTAwYyIsInJvbGUiOiJ1c2VyIiwiaWF0IjoxNzU1NTk2MjMyLCJleHAiOjE3NTYyMDEwMzJ9.OzQTYBMYhhMjFTJEOidGUKfvDmDhNorlyl6h12shVVg HTTP/1.1\" 500 49 \"-\" \"PostmanRuntime/7.44.1\"","service":"quiz-api","timestamp":"2025-08-19T10:07:06.705Z"}
{"level":"info","message":"Server running in development mode on port 5000","service":"quiz-api","timestamp":"2025-08-19T16:31:08.479Z"}
{"level":"info","message":"Connected to Redis","service":"quiz-api","timestamp":"2025-08-19T16:31:08.495Z"}
{"level":"info","message":"Redis client ready","service":"quiz-api","timestamp":"2025-08-19T16:31:08.503Z"}
{"level":"info","message":"MongoDB Connected: cluster0-shard-00-00.zf66u.mongodb.net","service":"quiz-api","timestamp":"2025-08-19T16:31:15.116Z"}
{"level":"info","message":"::1 - - [19/Aug/2025:16:35:16 +0000] \"GET /api/quizzes HTTP/1.1\" 200 62 \"-\" \"PostmanRuntime/7.44.1\"","service":"quiz-api","timestamp":"2025-08-19T16:35:16.589Z"}
{"level":"info","message":"::1 - - [19/Aug/2025:16:50:07 +0000] \"POST /api/quizzes/ HTTP/1.1\" 400 198 \"-\" \"PostmanRuntime/7.44.1\"","service":"quiz-api","timestamp":"2025-08-19T16:50:07.055Z"}
{"level":"info","message":"User logged in: alokpathak0905@gmail.com","service":"quiz-api","timestamp":"2025-08-19T16:50:40.611Z"}
{"level":"info","message":"::1 - - [19/Aug/2025:16:50:40 +0000] \"POST /api/auth/login HTTP/1.1\" 200 578 \"-\" \"PostmanRuntime/7.44.1\"","service":"quiz-api","timestamp":"2025-08-19T16:50:40.613Z"}
{"level":"info","message":"::1 - - [19/Aug/2025:16:51:11 +0000] \"POST /api/quizzes/ HTTP/1.1\" 400 198 \"-\" \"PostmanRuntime/7.44.1\"","service":"quiz-api","timestamp":"2025-08-19T16:51:11.029Z"}
{"ip":"::1","level":"error","message":"Error: Not Found - /api/","method":"POST","service":"quiz-api","stack":"Error: Not Found - /api/\n    at notFound (/home/varun0905/Projects/Quiz-App/backend/middleware/errorMiddleware.js:5:17)\n    at Layer.handle [as handle_request] (/home/varun0905/Projects/Quiz-App/backend/node_modules/express/lib/router/layer.js:95:5)\n    at trim_prefix (/home/varun0905/Projects/Quiz-App/backend/node_modules/express/lib/router/index.js:328:13)\n    at /home/varun0905/Projects/Quiz-App/backend/node_modules/express/lib/router/index.js:286:9\n    at Function.process_params (/home/varun0905/Projects/Quiz-App/backend/node_modules/express/lib/router/index.js:346:12)\n    at next (/home/varun0905/Projects/Quiz-App/backend/node_modules/express/lib/router/index.js:280:10)\n    at logger (/home/varun0905/Projects/Quiz-App/backend/node_modules/morgan/index.js:144:5)\n    at Layer.handle [as handle_request] (/home/varun0905/Projects/Quiz-App/backend/node_modules/express/lib/router/layer.js:95:5)\n    at trim_prefix (/home/varun0905/Projects/Quiz-App/backend/node_modules/express/lib/router/index.js:328:13)\n    at /home/varun0905/Projects/Quiz-App/backend/node_modules/express/lib/router/index.js:286:9","timestamp":"2025-08-19T16:57:55.420Z","url":"/api/","userAgent":"PostmanRuntime/7.44.1"}
{"level":"info","message":"::1 - - [19/Aug/2025:16:57:55 +0000] \"POST /api/ HTTP/1.1\" 500 - \"-\" \"PostmanRuntime/7.44.1\"","service":"quiz-api","timestamp":"2025-08-19T16:57:55.428Z"}
{"level":"info","message":"::1 - - [19/Aug/2025:16:58:54 +0000] \"POST /api/quizzes/ HTTP/1.1\" 400 198 \"-\" \"PostmanRuntime/7.44.1\"","service":"quiz-api","timestamp":"2025-08-19T16:58:54.598Z"}
{"level":"info","message":"Quiz created: Python Basics Quiz by alokpathak0905@gmail.com","service":"quiz-api","timestamp":"2025-08-19T17:05:49.438Z"}
{"level":"info","message":"::1 - - [19/Aug/2025:17:05:49 +0000] \"POST /api/quizzes/ HTTP/1.1\" 201 - \"-\" \"PostmanRuntime/7.44.1\"","service":"quiz-api","timestamp":"2025-08-19T17:05:49.443Z"}
{"level":"info","message":"::1 - - [19/Aug/2025:17:07:44 +0000] \"GET /api/quizzes/68a4aeede485c6aa6aeff200 HTTP/1.1\" 404 44 \"-\" \"PostmanRuntime/7.44.1\"","service":"quiz-api","timestamp":"2025-08-19T17:07:44.153Z"}
{"level":"info","message":"::1 - - [19/Aug/2025:17:08:41 +0000] \"GET /api/quizzes/68a4aeede485c6aa6aeff1ff HTTP/1.1\" 200 - \"-\" \"PostmanRuntime/7.44.1\"","service":"quiz-api","timestamp":"2025-08-19T17:08:41.367Z"}
